2026-03-29 23:00:31 [INFO]: ✅ Redis: Connected
2026-03-29 23:00:31 [INFO]: ✅ MongoDB Connected: ac-3ow8uen-shard-00-01.acucsu1.mongodb.net
2026-03-29 23:00:38 [INFO]: ✅ Redis: Connected
2026-03-29 23:00:38 [INFO]: ✅ BullMQ Redis: Connected
2026-03-29 23:00:38 [INFO]: ✅ MongoDB Connected: ac-3ow8uen-shard-00-02.acucsu1.mongodb.net
2026-03-29 23:01:01 [INFO]: ✅ BullMQ Redis: Connected
2026-03-29 23:01:01 [INFO]: ✅ Redis: Connected
2026-03-29 23:01:01 [INFO]: ✅ MongoDB Connected: ac-3ow8uen-shard-00-00.acucsu1.mongodb.net
2026-03-29 23:03:39 [INFO]: 🚀 Quran Worker Initialized & Listening
2026-03-29 23:03:39 [INFO]: ✅ BullMQ Redis: Connected
2026-03-29 23:03:39 [INFO]: ✅ Redis: Connected
2026-03-29 23:03:39 [INFO]: ✅ MongoDB Connected: ac-3ow8uen-shard-00-01.acucsu1.mongodb.net
2026-03-29 23:03:40 [INFO]: 🔄 Job Start [1]: FULL_SURAH
2026-03-29 23:03:40 [INFO]: ✅ Job Complete [1]: FULL_SURAH
2026-03-29 23:03:41 [INFO]: 🔄 Job Start [2]: READ
2026-03-29 23:03:41 [INFO]: ✅ Job Complete [2]: READ
2026-03-29 23:03:41 [INFO]: 🔄 Job Start [3]: SEND_MESSAGE
2026-03-29 23:03:41 [ERROR]: ❌ Job Failed [3]: bot is not defined
2026-03-29 23:03:41 [ERROR]: [System] Worker Job: 3: bot is not defined
2026-03-29 23:03:41 [INFO]: 🔄 Job Start [4]: SEND_MESSAGE
2026-03-29 23:03:41 [ERROR]: ❌ Job Failed [4]: bot is not defined
2026-03-29 23:03:42 [ERROR]: [System] Worker Job: 4: bot is not defined
2026-03-29 23:03:44 [INFO]: 🔄 Job Start [3]: SEND_MESSAGE
2026-03-29 23:03:44 [ERROR]: ❌ Job Failed [3]: bot is not defined
2026-03-29 23:03:44 [ERROR]: [System] Worker Job: 3: bot is not defined
2026-03-29 23:03:44 [INFO]: 🔄 Job Start [4]: SEND_MESSAGE
2026-03-29 23:03:44 [ERROR]: ❌ Job Failed [4]: bot is not defined
2026-03-29 23:03:45 [ERROR]: [System] Worker Job: 4: bot is not defined
2026-03-29 23:03:48 [INFO]: 🔄 Job Start [3]: SEND_MESSAGE
2026-03-29 23:03:48 [ERROR]: ❌ Job Failed [3]: bot is not defined
2026-03-29 23:03:49 [ERROR]: [System] Worker Job: 3: bot is not defined
2026-03-29 23:03:49 [INFO]: 🔄 Job Start [4]: SEND_MESSAGE
2026-03-29 23:03:49 [ERROR]: ❌ Job Failed [4]: bot is not defined
2026-03-29 23:03:49 [ERROR]: [System] Worker Job: 4: bot is not defined
2026-03-29 23:03:57 [INFO]: 🔄 Job Start [3]: SEND_MESSAGE
2026-03-29 23:03:57 [ERROR]: ❌ Job Failed [3]: bot is not defined
2026-03-29 23:03:57 [ERROR]: [System] Worker Job: 3: bot is not defined
2026-03-29 23:03:57 [INFO]: 🔄 Job Start [4]: SEND_MESSAGE
2026-03-29 23:03:57 [ERROR]: ❌ Job Failed [4]: bot is not defined
2026-03-29 23:03:57 [ERROR]: [System] Worker Job: 4: bot is not defined
2026-03-29 23:04:13 [INFO]: 🔄 Job Start [3]: SEND_MESSAGE
2026-03-29 23:04:13 [ERROR]: ❌ Job Failed [3]: bot is not defined
2026-03-29 23:04:13 [ERROR]: [System] Worker Job: 3: bot is not defined
2026-03-29 23:04:14 [INFO]: 🔄 Job Start [4]: SEND_MESSAGE
2026-03-29 23:04:14 [ERROR]: ❌ Job Failed [4]: bot is not defined
2026-03-29 23:04:14 [ERROR]: [System] Worker Job: 4: bot is not defined
2026-03-29 23:06:38 [INFO]: 🚀 Quran Worker Initialized & Listening
2026-03-29 23:06:39 [INFO]: ✅ BullMQ Redis: Connected
2026-03-29 23:06:39 [INFO]: ✅ Redis: Connected
2026-03-29 23:06:39 [INFO]: ✅ MongoDB Connected: ac-3ow8uen-shard-00-00.acucsu1.mongodb.net
2026-03-29 23:06:48 [INFO]: 🚀 Quran Worker Initialized & Listening
2026-03-29 23:06:48 [INFO]: ✅ Redis: Connected
2026-03-29 23:06:48 [INFO]: ✅ BullMQ Redis: Connected
2026-03-29 23:06:48 [INFO]: ✅ MongoDB Connected: ac-3ow8uen-shard-00-01.acucsu1.mongodb.net
2026-03-29 23:07:25 [INFO]: ⚡ Latency: 660ms | Update: message | User: 7440378545
2026-03-29 23:07:25 [INFO]: 🔄 Job Start [5]: SEND_MESSAGE
2026-03-29 23:07:26 [INFO]: ✅ Job Complete [5]: SEND_MESSAGE
2026-03-29 23:07:29 [INFO]: 🔄 Job Start [6]: EDIT_MESSAGE
2026-03-29 23:07:29 [INFO]: ⚡ Latency: 782ms | Update: callback_query | User: 7440378545
2026-03-29 23:07:30 [INFO]: ✅ Job Complete [6]: EDIT_MESSAGE
